<?xml version="1.0" encoding="utf-8"?><testsuites name="pytest tests"><testsuite name="pytest" errors="0" failures="0" skipped="0" tests="9" time="0.130" timestamp="2026-05-22T10:10:38.480901+00:00" hostname="agent-env-e658a453-4652-41ef-8447-f05334574667"><testcase classname="backend.tests.test_phase4e_followup_contracts" name="test_meal_plan_service_returns_full_fields_for_generated_and_reused_paths" time="0.000" /><testcase classname="backend.tests.test_phase4e_followup_contracts" name="test_ios_ai_service_decodes_full_ingredients_and_macros" time="0.000" /><testcase classname="backend.tests.test_phase4e_followup_contracts" name="test_regenerate_user_meal_plan_reads_goals_and_prefs_then_calls_generator" time="0.000" /><testcase classname="backend.tests.test_phase4e_followup_contracts" name="test_admin_ui_has_regenerate_tool_on_dashboard_and_user_detail" time="0.000" /><testcase classname="backend.tests.test_phase4e_followup_contracts" name="test_settings_google_placeholders_and_middleware_route_protection_contracts" time="0.000" /><testcase classname="backend.tests.test_phase4e_followup_contracts" name="test_live_api_auth_boundary_for_ai_and_mobile_config" time="0.024" /><testcase classname="backend.tests.test_admin_web_phase4_auth_and_config" name="test_settings_requires_admin_session_redirect" time="0.006" /><testcase classname="backend.tests.test_admin_web_phase4_auth_and_config" name="test_mobile_config_requires_admin_session_redirect" time="0.007" /><testcase classname="backend.tests.test_admin_web_phase4_auth_and_config" name="test_ai_meal_plan_without_bearer_returns_401" time="0.014" /></testsuite></testsuites>