<?xml version="1.0" encoding="utf-8"?><testsuites name="pytest tests"><testsuite name="pytest" errors="0" failures="1" skipped="0" tests="3" time="0.262" timestamp="2026-05-22T09:57:35.441203+00:00" hostname="agent-env-e658a453-4652-41ef-8447-f05334574667"><testcase classname="backend.tests.test_admin_web_phase4_auth_and_config" name="test_settings_requires_admin_session_redirect" time="0.017" /><testcase classname="backend.tests.test_admin_web_phase4_auth_and_config" name="test_mobile_config_requires_admin_session_redirect" time="0.008" /><testcase classname="backend.tests.test_admin_web_phase4_auth_and_config" name="test_ai_meal_plan_without_bearer_returns_401" time="0.008"><failure message="assert 307 == 401&#10; +  where 307 = &lt;Response [307]&gt;.status_code">backend/tests/test_admin_web_phase4_auth_and_config.py:49: in test_ai_meal_plan_without_bearer_returns_401
    assert response.status_code == 401
E   assert 307 == 401
E    +  where 307 = &lt;Response [307]&gt;.status_code</failure></testcase></testsuite></testsuites>